<?xml version="1.0" encoding="UTF-8"?>
<testng-results skipped="0" failed="0" ignored="0" total="3" passed="3">
  <reporter-output>
    <line>
      <![CDATA[Test Case 001 : User able to launch Expected Page : true]]>
    </line>
    <line>
      <![CDATA[Test Case 002 : With invalid login credentials appropriate error message is displayed : true]]>
    </line>
    <line>
      <![CDATA[Test Case 003 : With valid login credentials user able to login to the page successfully : true]]>
    </line>
  </reporter-output>
  <suite name="Assignment" duration-ms="10074" started-at="2022-07-29T05:52:24Z" finished-at="2022-07-29T05:52:34Z">
    <groups>
    </groups>
    <test name="Assignment" duration-ms="10074" started-at="2022-07-29T05:52:24Z" finished-at="2022-07-29T05:52:34Z">
      <class name="wLPayments.Assignments.TestCases.Login_Page_Test">
        <test-method status="PASS" signature="Browser_Launch(java.lang.String)[pri:0, instance:wLPayments.Assignments.TestCases.Login_Page_Test@5e5792a0]" name="Browser_Launch" is-config="true" duration-ms="7148" started-at="2022-07-29T05:52:24Z" finished-at="2022-07-29T05:52:31Z">
          <params>
            <param index="0">
              <value>
                <![CDATA[Chrome]]>
              </value>
            </param>
          </params>
          <reporter-output>
          </reporter-output>
        </test-method> <!-- Browser_Launch -->
        <test-method status="PASS" signature="TestCase_001()[pri:0, instance:wLPayments.Assignments.TestCases.Login_Page_Test@5e5792a0]" name="TestCase_001" duration-ms="53" started-at="2022-07-29T05:52:31Z" finished-at="2022-07-29T05:52:31Z">
          <reporter-output>
            <line>
              <![CDATA[Test Case 001 : User able to launch Expected Page : true]]>
            </line>
          </reporter-output>
        </test-method> <!-- TestCase_001 -->
        <test-method status="PASS" signature="TestCase_002()[pri:0, instance:wLPayments.Assignments.TestCases.Login_Page_Test@5e5792a0]" name="TestCase_002" duration-ms="847" started-at="2022-07-29T05:52:31Z" finished-at="2022-07-29T05:52:32Z">
          <reporter-output>
            <line>
              <![CDATA[Test Case 002 : With invalid login credentials appropriate error message is displayed : true]]>
            </line>
          </reporter-output>
        </test-method> <!-- TestCase_002 -->
        <test-method status="PASS" signature="TestCase_003()[pri:0, instance:wLPayments.Assignments.TestCases.Login_Page_Test@5e5792a0]" name="TestCase_003" duration-ms="644" started-at="2022-07-29T05:52:32Z" finished-at="2022-07-29T05:52:33Z">
          <reporter-output>
            <line>
              <![CDATA[Test Case 003 : With valid login credentials user able to login to the page successfully : true]]>
            </line>
          </reporter-output>
        </test-method> <!-- TestCase_003 -->
        <test-method status="PASS" signature="Browser_Close()[pri:0, instance:wLPayments.Assignments.TestCases.Login_Page_Test@5e5792a0]" name="Browser_Close" is-config="true" duration-ms="1340" started-at="2022-07-29T05:52:33Z" finished-at="2022-07-29T05:52:34Z">
          <reporter-output>
          </reporter-output>
        </test-method> <!-- Browser_Close -->
      </class> <!-- wLPayments.Assignments.TestCases.Login_Page_Test -->
    </test> <!-- Assignment -->
  </suite> <!-- Assignment -->
</testng-results>
